{"C:\\Users\\Samir\\Documents\\Developer\\WebApi\\backend_learnify_webapi\\src\\app.ts": {"path":"C:\\Users\\Samir\\Documents\\Developer\\WebApi\\backend_learnify_webapi\\src\\app.ts","statementMap":{"0":{"start":{"line":1,"column":0},"end":{"line":1,"column":80}},"1":{"start":{"line":2,"column":0},"end":{"line":2,"column":24}},"2":{"start":{"line":3,"column":0},"end":{"line":3,"column":28}},"3":{"start":{"line":5,"column":0},"end":{"line":5,"column":44}},"4":{"start":{"line":6,"column":0},"end":{"line":6,"column":48}},"5":{"start":{"line":7,"column":0},"end":{"line":7,"column":55}},"6":{"start":{"line":8,"column":0},"end":{"line":8,"column":48}},"7":{"start":{"line":9,"column":0},"end":{"line":9,"column":52}},"8":{"start":{"line":10,"column":0},"end":{"line":10,"column":44}},"9":{"start":{"line":11,"column":0},"end":{"line":11,"column":40}},"10":{"start":{"line":13,"column":0},"end":{"line":13,"column":16}},"11":{"start":{"line":15,"column":25},"end":{"line":15,"column":34}},"12":{"start":{"line":17,"column":0},"end":{"line":17,"column":50}},"13":{"start":{"line":18,"column":0},"end":{"line":18,"column":24}},"14":{"start":{"line":19,"column":0},"end":{"line":19,"column":48}},"15":{"start":{"line":22,"column":0},"end":{"line":22,"column":35}},"16":{"start":{"line":23,"column":0},"end":{"line":23,"column":40}},"17":{"start":{"line":24,"column":0},"end":{"line":24,"column":43}},"18":{"start":{"line":25,"column":0},"end":{"line":25,"column":38}},"19":{"start":{"line":26,"column":0},"end":{"line":26,"column":31}},"20":{"start":{"line":27,"column":0},"end":{"line":27,"column":47}},"21":{"start":{"line":28,"column":0},"end":{"line":28,"column":39}},"22":{"start":{"line":30,"column":0},"end":{"line":30,"column":47}},"23":{"start":{"line":32,"column":0},"end":{"line":36,"column":3}},"24":{"start":{"line":33,"column":2},"end":{"line":35,"column":5}},"25":{"start":{"line":38,"column":0},"end":{"line":42,"column":3}},"26":{"start":{"line":39,"column":2},"end":{"line":41,"column":5}},"27":{"start":{"line":44,"column":0},"end":{"line":50,"column":2}},"28":{"start":{"line":46,"column":4},"end":{"line":48,"column":7}},"29":{"start":{"line":52,"column":0},"end":{"line":52,"column":19}}},"fnMap":{"0":{"name":"(anonymous_1)","decl":{"start":{"line":32,"column":13},"end":{"line":32,"column":14}},"loc":{"start":{"line":32,"column":45},"end":{"line":36,"column":1}}},"1":{"name":"(anonymous_2)","decl":{"start":{"line":38,"column":8},"end":{"line":38,"column":9}},"loc":{"start":{"line":38,"column":40},"end":{"line":42,"column":1}}},"2":{"name":"(anonymous_3)","decl":{"start":{"line":45,"column":2},"end":{"line":45,"column":3}},"loc":{"start":{"line":45,"column":66},"end":{"line":49,"column":3}}}},"branchMap":{"0":{"loc":{"start":{"line":47,"column":15},"end":{"line":47,"column":53}},"type":"binary-expr","locations":[{"start":{"line":47,"column":15},"end":{"line":47,"column":26}},{"start":{"line":47,"column":30},"end":{"line":47,"column":53}}]}},"s":{"0":5,"1":5,"2":5,"3":5,"4":5,"5":5,"6":5,"7":5,"8":5,"9":5,"10":5,"11":5,"12":5,"13":5,"14":5,"15":5,"16":5,"17":5,"18":5,"19":5,"20":5,"21":5,"22":5,"23":5,"24":0,"25":5,"26":0,"27":5,"28":0,"29":5},"f":{"0":0,"1":0,"2":0},"b":{"0":[0,0]}}
,"C:\\Users\\Samir\\Documents\\Developer\\WebApi\\backend_learnify_webapi\\src\\config\\constants.ts": {"path":"C:\\Users\\Samir\\Documents\\Developer\\WebApi\\backend_learnify_webapi\\src\\config\\constants.ts","statementMap":{"0":{"start":{"line":1,"column":0},"end":{"line":1,"column":28}},"1":{"start":{"line":2,"column":0},"end":{"line":2,"column":16}},"2":{"start":{"line":4,"column":13},"end":{"line":4,"column":45}},"3":{"start":{"line":6,"column":13},"end":{"line":7,"column":66}},"4":{"start":{"line":9,"column":13},"end":{"line":10,"column":48}}},"fnMap":{},"branchMap":{"0":{"loc":{"start":{"line":4,"column":20},"end":{"line":4,"column":44}},"type":"binary-expr","locations":[{"start":{"line":4,"column":20},"end":{"line":4,"column":36}},{"start":{"line":4,"column":40},"end":{"line":4,"column":44}}]},"1":{"loc":{"start":{"line":7,"column":2},"end":{"line":7,"column":65}},"type":"binary-expr","locations":[{"start":{"line":7,"column":2},"end":{"line":7,"column":25}},{"start":{"line":7,"column":29},"end":{"line":7,"column":65}}]},"2":{"loc":{"start":{"line":10,"column":2},"end":{"line":10,"column":47}},"type":"binary-expr","locations":[{"start":{"line":10,"column":2},"end":{"line":10,"column":24}},{"start":{"line":10,"column":28},"end":{"line":10,"column":47}}]}},"s":{"0":5,"1":5,"2":5,"3":5,"4":5},"f":{},"b":{"0":[5,0],"1":[5,0],"2":[5,0]}}
,"C:\\Users\\Samir\\Documents\\Developer\\WebApi\\backend_learnify_webapi\\src\\controllers\\ai.controller.ts": {"path":"C:\\Users\\Samir\\Documents\\Developer\\WebApi\\backend_learnify_webapi\\src\\controllers\\ai.controller.ts","statementMap":{"0":{"start":{"line":2,"column":0},"end":{"line":2,"column":55}},"1":{"start":{"line":6,"column":4},"end":{"line":28,"column":1}},"2":{"start":{"line":7,"column":26},"end":{"line":7,"column":34}},"3":{"start":{"line":9,"column":6},"end":{"line":13,"column":7}},"4":{"start":{"line":10,"column":8},"end":{"line":12,"column":11}},"5":{"start":{"line":15,"column":20},"end":{"line":15,"column":44}},"6":{"start":{"line":17,"column":6},"end":{"line":20,"column":9}},"7":{"start":{"line":22,"column":2},"end":{"line":22,"column":23}},"8":{"start":{"line":24,"column":2},"end":{"line":27,"column":5}},"9":{"start":{"line":4,"column":0},"end":{"line":4,"column":13}}},"fnMap":{"0":{"name":"(anonymous_0)","decl":{"start":{"line":5,"column":2},"end":{"line":5,"column":7}},"loc":{"start":{"line":5,"column":40},"end":{"line":29,"column":3}}}},"branchMap":{"0":{"loc":{"start":{"line":9,"column":6},"end":{"line":13,"column":7}},"type":"if","locations":[{"start":{"line":9,"column":6},"end":{"line":13,"column":7}},{"start":{},"end":{}}]}},"s":{"0":5,"1":5,"2":5,"3":5,"4":2,"5":3,"6":2,"7":1,"8":1,"9":5},"f":{"0":5},"b":{"0":[2,3]}}
,"C:\\Users\\Samir\\Documents\\Developer\\WebApi\\backend_learnify_webapi\\src\\controllers\\lesson.controller.ts": {"path":"C:\\Users\\Samir\\Documents\\Developer\\WebApi\\backend_learnify_webapi\\src\\controllers\\lesson.controller.ts","statementMap":{"0":{"start":{"line":2,"column":0},"end":{"line":2,"column":48}},"1":{"start":{"line":3,"column":0},"end":{"line":3,"column":69}},"2":{"start":{"line":7,"column":4},"end":{"line":33,"column":5}},"3":{"start":{"line":8,"column":60},"end":{"line":8,"column":68}},"4":{"start":{"line":10,"column":6},"end":{"line":14,"column":7}},"5":{"start":{"line":11,"column":8},"end":{"line":13,"column":11}},"6":{"start":{"line":16,"column":21},"end":{"line":23,"column":8}},"7":{"start":{"line":25,"column":6},"end":{"line":28,"column":9}},"8":{"start":{"line":30,"column":6},"end":{"line":32,"column":9}},"9":{"start":{"line":37,"column":4},"end":{"line":45,"column":5}},"10":{"start":{"line":38,"column":22},"end":{"line":38,"column":60}},"11":{"start":{"line":40,"column":6},"end":{"line":40,"column":31}},"12":{"start":{"line":42,"column":6},"end":{"line":44,"column":9}},"13":{"start":{"line":49,"column":4},"end":{"line":63,"column":5}},"14":{"start":{"line":50,"column":21},"end":{"line":50,"column":57}},"15":{"start":{"line":52,"column":6},"end":{"line":56,"column":7}},"16":{"start":{"line":53,"column":8},"end":{"line":55,"column":11}},"17":{"start":{"line":58,"column":6},"end":{"line":58,"column":30}},"18":{"start":{"line":60,"column":6},"end":{"line":62,"column":9}},"19":{"start":{"line":67,"column":4},"end":{"line":92,"column":5}},"20":{"start":{"line":68,"column":30},"end":{"line":70,"column":8}},"21":{"start":{"line":72,"column":6},"end":{"line":74,"column":7}},"22":{"start":{"line":73,"column":8},"end":{"line":73,"column":45}},"23":{"start":{"line":76,"column":21},"end":{"line":81,"column":null}},"24":{"start":{"line":84,"column":6},"end":{"line":87,"column":9}},"25":{"start":{"line":89,"column":6},"end":{"line":91,"column":9}},"26":{"start":{"line":96,"column":4},"end":{"line":112,"column":5}},"27":{"start":{"line":97,"column":23},"end":{"line":97,"column":44}},"28":{"start":{"line":99,"column":6},"end":{"line":99,"column":47}},"29":{"start":{"line":101,"column":6},"end":{"line":101,"column":66}},"30":{"start":{"line":103,"column":6},"end":{"line":105,"column":9}},"31":{"start":{"line":107,"column":6},"end":{"line":107,"column":27}},"32":{"start":{"line":109,"column":6},"end":{"line":111,"column":9}},"33":{"start":{"line":5,"column":0},"end":{"line":5,"column":13}},"34":{"start":{"line":116,"column":0},"end":{"line":116,"column":38}}},"fnMap":{"0":{"name":"(anonymous_1)","decl":{"start":{"line":6,"column":2},"end":{"line":6,"column":7}},"loc":{"start":{"line":6,"column":48},"end":{"line":34,"column":3}}},"1":{"name":"(anonymous_2)","decl":{"start":{"line":36,"column":2},"end":{"line":36,"column":7}},"loc":{"start":{"line":36,"column":49},"end":{"line":46,"column":3}}},"2":{"name":"(anonymous_3)","decl":{"start":{"line":48,"column":2},"end":{"line":48,"column":7}},"loc":{"start":{"line":48,"column":49},"end":{"line":64,"column":3}}},"3":{"name":"(anonymous_4)","decl":{"start":{"line":66,"column":2},"end":{"line":66,"column":7}},"loc":{"start":{"line":66,"column":48},"end":{"line":93,"column":3}}},"4":{"name":"(anonymous_5)","decl":{"start":{"line":95,"column":2},"end":{"line":95,"column":7}},"loc":{"start":{"line":95,"column":48},"end":{"line":113,"column":3}}}},"branchMap":{"0":{"loc":{"start":{"line":10,"column":6},"end":{"line":14,"column":7}},"type":"if","locations":[{"start":{"line":10,"column":6},"end":{"line":14,"column":7}},{"start":{},"end":{}}]},"1":{"loc":{"start":{"line":10,"column":10},"end":{"line":10,"column":64}},"type":"binary-expr","locations":[{"start":{"line":10,"column":10},"end":{"line":10,"column":16}},{"start":{"line":10,"column":20},"end":{"line":10,"column":32}},{"start":{"line":10,"column":36},"end":{"line":10,"column":42}},{"start":{"line":10,"column":46},"end":{"line":10,"column":54}},{"start":{"line":10,"column":58},"end":{"line":10,"column":64}}]},"2":{"loc":{"start":{"line":22,"column":15},"end":{"line":22,"column":48}},"type":"cond-expr","locations":[{"start":{"line":22,"column":26},"end":{"line":22,"column":43}},{"start":{"line":22,"column":46},"end":{"line":22,"column":48}}]},"3":{"loc":{"start":{"line":52,"column":6},"end":{"line":56,"column":7}},"type":"if","locations":[{"start":{"line":52,"column":6},"end":{"line":56,"column":7}},{"start":{},"end":{}}]},"4":{"loc":{"start":{"line":72,"column":6},"end":{"line":74,"column":7}},"type":"if","locations":[{"start":{"line":72,"column":6},"end":{"line":74,"column":7}},{"start":{},"end":{}}]}},"s":{"0":5,"1":5,"2":6,"3":6,"4":6,"5":1,"6":5,"7":5,"8":0,"9":1,"10":1,"11":1,"12":0,"13":4,"14":4,"15":4,"16":3,"17":1,"18":0,"19":3,"20":3,"21":3,"22":0,"23":3,"24":1,"25":2,"26":3,"27":3,"28":3,"29":1,"30":1,"31":2,"32":2,"33":5,"34":5},"f":{"0":6,"1":1,"2":4,"3":3,"4":3},"b":{"0":[1,5],"1":[6,5,5,5,5],"2":[0,5],"3":[3,1],"4":[0,3]}}
,"C:\\Users\\Samir\\Documents\\Developer\\WebApi\\backend_learnify_webapi\\src\\controllers\\progress.controller.ts": {"path":"C:\\Users\\Samir\\Documents\\Developer\\WebApi\\backend_learnify_webapi\\src\\controllers\\progress.controller.ts","statementMap":{"0":{"start":{"line":3,"column":0},"end":{"line":3,"column":69}},"1":{"start":{"line":7,"column":4},"end":{"line":35,"column":5}},"2":{"start":{"line":8,"column":21},"end":{"line":8,"column":34}},"3":{"start":{"line":9,"column":27},"end":{"line":9,"column":35}},"4":{"start":{"line":11,"column":6},"end":{"line":16,"column":7}},"5":{"start":{"line":12,"column":8},"end":{"line":15,"column":11}},"6":{"start":{"line":18,"column":23},"end":{"line":20,"column":null}},"7":{"start":{"line":23,"column":6},"end":{"line":27,"column":9}},"8":{"start":{"line":29,"column":6},"end":{"line":29,"column":27}},"9":{"start":{"line":31,"column":6},"end":{"line":34,"column":9}},"10":{"start":{"line":39,"column":4},"end":{"line":64,"column":5}},"11":{"start":{"line":40,"column":21},"end":{"line":40,"column":34}},"12":{"start":{"line":42,"column":6},"end":{"line":47,"column":7}},"13":{"start":{"line":43,"column":8},"end":{"line":46,"column":11}},"14":{"start":{"line":49,"column":23},"end":{"line":50,"column":null}},"15":{"start":{"line":53,"column":6},"end":{"line":56,"column":9}},"16":{"start":{"line":58,"column":6},"end":{"line":58,"column":27}},"17":{"start":{"line":60,"column":6},"end":{"line":63,"column":9}},"18":{"start":{"line":5,"column":0},"end":{"line":5,"column":13}},"19":{"start":{"line":68,"column":0},"end":{"line":68,"column":40}}},"fnMap":{"0":{"name":"(anonymous_1)","decl":{"start":{"line":6,"column":2},"end":{"line":6,"column":7}},"loc":{"start":{"line":6,"column":54},"end":{"line":36,"column":3}}},"1":{"name":"(anonymous_2)","decl":{"start":{"line":38,"column":2},"end":{"line":38,"column":7}},"loc":{"start":{"line":38,"column":53},"end":{"line":65,"column":3}}}},"branchMap":{"0":{"loc":{"start":{"line":11,"column":6},"end":{"line":16,"column":7}},"type":"if","locations":[{"start":{"line":11,"column":6},"end":{"line":16,"column":7}},{"start":{},"end":{}}]},"1":{"loc":{"start":{"line":11,"column":10},"end":{"line":11,"column":30}},"type":"binary-expr","locations":[{"start":{"line":11,"column":10},"end":{"line":11,"column":17}},{"start":{"line":11,"column":21},"end":{"line":11,"column":30}}]},"2":{"loc":{"start":{"line":42,"column":6},"end":{"line":47,"column":7}},"type":"if","locations":[{"start":{"line":42,"column":6},"end":{"line":47,"column":7}},{"start":{},"end":{}}]}},"s":{"0":5,"1":2,"2":2,"3":2,"4":2,"5":1,"6":1,"7":1,"8":0,"9":0,"10":1,"11":1,"12":1,"13":0,"14":1,"15":1,"16":0,"17":0,"18":5,"19":5},"f":{"0":2,"1":1},"b":{"0":[1,1],"1":[2,2],"2":[0,1]}}
,"C:\\Users\\Samir\\Documents\\Developer\\WebApi\\backend_learnify_webapi\\src\\controllers\\quiz.controller.ts": {"path":"C:\\Users\\Samir\\Documents\\Developer\\WebApi\\backend_learnify_webapi\\src\\controllers\\quiz.controller.ts","statementMap":{"0":{"start":{"line":3,"column":0},"end":{"line":3,"column":40}},"1":{"start":{"line":4,"column":0},"end":{"line":4,"column":52}},"2":{"start":{"line":6,"column":26},"end":{"line":22,"column":1}},"3":{"start":{"line":7,"column":2},"end":{"line":21,"column":3}},"4":{"start":{"line":8,"column":17},"end":{"line":8,"column":44}},"5":{"start":{"line":10,"column":4},"end":{"line":14,"column":7}},"6":{"start":{"line":16,"column":4},"end":{"line":20,"column":7}},"7":{"start":{"line":6,"column":13},"end":{"line":6,"column":26}},"8":{"start":{"line":24,"column":31},"end":{"line":41,"column":1}},"9":{"start":{"line":25,"column":2},"end":{"line":40,"column":3}},"10":{"start":{"line":26,"column":20},"end":{"line":28,"column":31}},"11":{"start":{"line":30,"column":4},"end":{"line":33,"column":7}},"12":{"start":{"line":35,"column":4},"end":{"line":39,"column":7}},"13":{"start":{"line":24,"column":13},"end":{"line":24,"column":31}},"14":{"start":{"line":42,"column":26},"end":{"line":91,"column":1}},"15":{"start":{"line":46,"column":2},"end":{"line":90,"column":3}},"16":{"start":{"line":47,"column":34},"end":{"line":47,"column":42}},"17":{"start":{"line":49,"column":20},"end":{"line":49,"column":49}},"18":{"start":{"line":51,"column":16},"end":{"line":51,"column":17}},"19":{"start":{"line":53,"column":4},"end":{"line":61,"column":5}},"20":{"start":{"line":54,"column":19},"end":{"line":55,"column":null}},"21":{"start":{"line":55,"column":15},"end":{"line":55,"column":49}},"22":{"start":{"line":58,"column":6},"end":{"line":60,"column":7}},"23":{"start":{"line":59,"column":8},"end":{"line":59,"column":16}},"24":{"start":{"line":63,"column":27},"end":{"line":63,"column":41}},"25":{"start":{"line":66,"column":6},"end":{"line":68,"column":52}},"26":{"start":{"line":69,"column":8},"end":{"line":75,"column":3}},"27":{"start":{"line":77,"column":4},"end":{"line":83,"column":7}},"28":{"start":{"line":85,"column":4},"end":{"line":89,"column":7}},"29":{"start":{"line":42,"column":13},"end":{"line":42,"column":26}},"30":{"start":{"line":93,"column":26},"end":{"line":115,"column":1}},"31":{"start":{"line":94,"column":2},"end":{"line":114,"column":3}},"32":{"start":{"line":95,"column":17},"end":{"line":95,"column":64}},"33":{"start":{"line":97,"column":4},"end":{"line":102,"column":5}},"34":{"start":{"line":98,"column":6},"end":{"line":101,"column":9}},"35":{"start":{"line":104,"column":4},"end":{"line":107,"column":7}},"36":{"start":{"line":109,"column":4},"end":{"line":113,"column":7}},"37":{"start":{"line":93,"column":13},"end":{"line":93,"column":26}},"38":{"start":{"line":117,"column":26},"end":{"line":147,"column":1}},"39":{"start":{"line":118,"column":2},"end":{"line":146,"column":3}},"40":{"start":{"line":119,"column":17},"end":{"line":125,"column":null}},"41":{"start":{"line":128,"column":4},"end":{"line":133,"column":5}},"42":{"start":{"line":129,"column":6},"end":{"line":132,"column":9}},"43":{"start":{"line":135,"column":4},"end":{"line":139,"column":7}},"44":{"start":{"line":141,"column":4},"end":{"line":145,"column":7}},"45":{"start":{"line":117,"column":13},"end":{"line":117,"column":26}},"46":{"start":{"line":149,"column":32},"end":{"line":169,"column":1}},"47":{"start":{"line":153,"column":2},"end":{"line":168,"column":3}},"48":{"start":{"line":154,"column":20},"end":{"line":156,"column":27}},"49":{"start":{"line":158,"column":4},"end":{"line":161,"column":7}},"50":{"start":{"line":163,"column":4},"end":{"line":167,"column":7}},"51":{"start":{"line":149,"column":13},"end":{"line":149,"column":32}}},"fnMap":{"0":{"name":"(anonymous_1)","decl":{"start":{"line":6,"column":26},"end":{"line":6,"column":31}},"loc":{"start":{"line":6,"column":64},"end":{"line":22,"column":1}}},"1":{"name":"(anonymous_2)","decl":{"start":{"line":24,"column":31},"end":{"line":24,"column":36}},"loc":{"start":{"line":24,"column":69},"end":{"line":41,"column":1}}},"2":{"name":"(anonymous_3)","decl":{"start":{"line":42,"column":26},"end":{"line":42,"column":31}},"loc":{"start":{"line":45,"column":4},"end":{"line":91,"column":1}}},"3":{"name":"(anonymous_4)","decl":{"start":{"line":55,"column":8},"end":{"line":55,"column":9}},"loc":{"start":{"line":55,"column":15},"end":{"line":55,"column":49}}},"4":{"name":"(anonymous_5)","decl":{"start":{"line":93,"column":26},"end":{"line":93,"column":31}},"loc":{"start":{"line":93,"column":64},"end":{"line":115,"column":1}}},"5":{"name":"(anonymous_6)","decl":{"start":{"line":117,"column":26},"end":{"line":117,"column":31}},"loc":{"start":{"line":117,"column":64},"end":{"line":147,"column":1}}},"6":{"name":"(anonymous_7)","decl":{"start":{"line":149,"column":32},"end":{"line":149,"column":37}},"loc":{"start":{"line":152,"column":4},"end":{"line":169,"column":1}}}},"branchMap":{"0":{"loc":{"start":{"line":58,"column":6},"end":{"line":60,"column":7}},"type":"if","locations":[{"start":{"line":58,"column":6},"end":{"line":60,"column":7}},{"start":{},"end":{}}]},"1":{"loc":{"start":{"line":58,"column":10},"end":{"line":58,"column":54}},"type":"binary-expr","locations":[{"start":{"line":58,"column":10},"end":{"line":58,"column":14}},{"start":{"line":58,"column":18},"end":{"line":58,"column":54}}]},"2":{"loc":{"start":{"line":66,"column":6},"end":{"line":68,"column":52}},"type":"cond-expr","locations":[{"start":{"line":67,"column":10},"end":{"line":67,"column":11}},{"start":{"line":68,"column":10},"end":{"line":68,"column":52}}]},"3":{"loc":{"start":{"line":97,"column":4},"end":{"line":102,"column":5}},"type":"if","locations":[{"start":{"line":97,"column":4},"end":{"line":102,"column":5}},{"start":{},"end":{}}]},"4":{"loc":{"start":{"line":128,"column":4},"end":{"line":133,"column":5}},"type":"if","locations":[{"start":{"line":128,"column":4},"end":{"line":133,"column":5}},{"start":{},"end":{}}]}},"s":{"0":5,"1":5,"2":5,"3":3,"4":3,"5":2,"6":1,"7":5,"8":5,"9":3,"10":3,"11":3,"12":0,"13":5,"14":5,"15":3,"16":3,"17":3,"18":3,"19":3,"20":2,"21":2,"22":2,"23":1,"24":3,"25":3,"26":3,"27":3,"28":0,"29":5,"30":5,"31":2,"32":2,"33":2,"34":1,"35":1,"36":0,"37":5,"38":5,"39":2,"40":2,"41":2,"42":1,"43":1,"44":0,"45":5,"46":5,"47":1,"48":1,"49":1,"50":0,"51":5},"f":{"0":3,"1":3,"2":3,"3":2,"4":2,"5":2,"6":1},"b":{"0":[1,1],"1":[2,2],"2":[0,3],"3":[1,1],"4":[1,1]}}
,"C:\\Users\\Samir\\Documents\\Developer\\WebApi\\backend_learnify_webapi\\src\\controllers\\user.controller.ts": {"path":"C:\\Users\\Samir\\Documents\\Developer\\WebApi\\backend_learnify_webapi\\src\\controllers\\user.controller.ts","statementMap":{"0":{"start":{"line":2,"column":0},"end":{"line":2,"column":30}},"1":{"start":{"line":3,"column":0},"end":{"line":3,"column":31}},"2":{"start":{"line":4,"column":0},"end":{"line":4,"column":44}},"3":{"start":{"line":5,"column":0},"end":{"line":5,"column":49}},"4":{"start":{"line":6,"column":0},"end":{"line":6,"column":47}},"5":{"start":{"line":10,"column":4},"end":{"line":48,"column":5}},"6":{"start":{"line":11,"column":65},"end":{"line":11,"column":73}},"7":{"start":{"line":13,"column":6},"end":{"line":17,"column":7}},"8":{"start":{"line":14,"column":8},"end":{"line":16,"column":11}},"9":{"start":{"line":19,"column":27},"end":{"line":19,"column":56}},"10":{"start":{"line":21,"column":6},"end":{"line":25,"column":7}},"11":{"start":{"line":22,"column":8},"end":{"line":24,"column":11}},"12":{"start":{"line":27,"column":29},"end":{"line":27,"column":60}},"13":{"start":{"line":29,"column":19},"end":{"line":35,"column":8}},"14":{"start":{"line":37,"column":6},"end":{"line":40,"column":9}},"15":{"start":{"line":42,"column":6},"end":{"line":42,"column":46}},"16":{"start":{"line":44,"column":6},"end":{"line":47,"column":9}},"17":{"start":{"line":52,"column":4},"end":{"line":82,"column":5}},"18":{"start":{"line":53,"column":34},"end":{"line":53,"column":42}},"19":{"start":{"line":55,"column":6},"end":{"line":57,"column":7}},"20":{"start":{"line":56,"column":8},"end":{"line":56,"column":76}},"21":{"start":{"line":59,"column":19},"end":{"line":59,"column":48}},"22":{"start":{"line":61,"column":6},"end":{"line":63,"column":7}},"23":{"start":{"line":62,"column":8},"end":{"line":62,"column":66}},"24":{"start":{"line":65,"column":22},"end":{"line":65,"column":67}},"25":{"start":{"line":67,"column":6},"end":{"line":69,"column":7}},"26":{"start":{"line":68,"column":8},"end":{"line":68,"column":69}},"27":{"start":{"line":71,"column":20},"end":{"line":73,"column":8}},"28":{"start":{"line":75,"column":6},"end":{"line":79,"column":9}},"29":{"start":{"line":81,"column":6},"end":{"line":81,"column":63}},"30":{"start":{"line":86,"column":4},"end":{"line":89,"column":7}},"31":{"start":{"line":93,"column":4},"end":{"line":116,"column":5}},"32":{"start":{"line":94,"column":48},"end":{"line":94,"column":56}},"33":{"start":{"line":96,"column":30},"end":{"line":100,"column":8}},"34":{"start":{"line":102,"column":6},"end":{"line":104,"column":7}},"35":{"start":{"line":103,"column":8},"end":{"line":103,"column":52}},"36":{"start":{"line":106,"column":19},"end":{"line":108,"column":8}},"37":{"start":{"line":110,"column":6},"end":{"line":113,"column":9}},"38":{"start":{"line":115,"column":6},"end":{"line":115,"column":63}},"39":{"start":{"line":120,"column":4},"end":{"line":149,"column":5}},"40":{"start":{"line":121,"column":43},"end":{"line":121,"column":51}},"41":{"start":{"line":123,"column":6},"end":{"line":125,"column":7}},"42":{"start":{"line":124,"column":8},"end":{"line":124,"column":76}},"43":{"start":{"line":127,"column":19},"end":{"line":127,"column":52}},"44":{"start":{"line":129,"column":6},"end":{"line":131,"column":7}},"45":{"start":{"line":130,"column":8},"end":{"line":130,"column":67}},"46":{"start":{"line":133,"column":22},"end":{"line":133,"column":70}},"47":{"start":{"line":135,"column":6},"end":{"line":137,"column":7}},"48":{"start":{"line":136,"column":8},"end":{"line":136,"column":78}},"49":{"start":{"line":139,"column":29},"end":{"line":139,"column":63}},"50":{"start":{"line":141,"column":6},"end":{"line":141,"column":37}},"51":{"start":{"line":142,"column":6},"end":{"line":142,"column":24}},"52":{"start":{"line":144,"column":6},"end":{"line":146,"column":9}},"53":{"start":{"line":148,"column":6},"end":{"line":148,"column":63}},"54":{"start":{"line":153,"column":4},"end":{"line":185,"column":5}},"55":{"start":{"line":154,"column":24},"end":{"line":154,"column":32}},"56":{"start":{"line":156,"column":6},"end":{"line":160,"column":7}},"57":{"start":{"line":157,"column":8},"end":{"line":159,"column":11}},"58":{"start":{"line":162,"column":24},"end":{"line":162,"column":53}},"59":{"start":{"line":164,"column":6},"end":{"line":168,"column":7}},"60":{"start":{"line":165,"column":8},"end":{"line":167,"column":11}},"61":{"start":{"line":170,"column":19},"end":{"line":170,"column":73}},"62":{"start":{"line":172,"column":6},"end":{"line":172,"column":28}},"63":{"start":{"line":173,"column":6},"end":{"line":173,"column":24}},"64":{"start":{"line":175,"column":6},"end":{"line":175,"column":39}},"65":{"start":{"line":177,"column":6},"end":{"line":180,"column":9}},"66":{"start":{"line":182,"column":6},"end":{"line":184,"column":9}},"67":{"start":{"line":189,"column":4},"end":{"line":214,"column":5}},"68":{"start":{"line":190,"column":30},"end":{"line":190,"column":38}},"69":{"start":{"line":192,"column":24},"end":{"line":192,"column":53}},"70":{"start":{"line":194,"column":6},"end":{"line":198,"column":7}},"71":{"start":{"line":195,"column":8},"end":{"line":197,"column":11}},"72":{"start":{"line":200,"column":6},"end":{"line":204,"column":7}},"73":{"start":{"line":201,"column":8},"end":{"line":203,"column":11}},"74":{"start":{"line":206,"column":6},"end":{"line":209,"column":9}},"75":{"start":{"line":211,"column":6},"end":{"line":213,"column":9}},"76":{"start":{"line":218,"column":4},"end":{"line":253,"column":5}},"77":{"start":{"line":219,"column":37},"end":{"line":219,"column":45}},"78":{"start":{"line":221,"column":6},"end":{"line":225,"column":7}},"79":{"start":{"line":222,"column":8},"end":{"line":224,"column":11}},"80":{"start":{"line":227,"column":24},"end":{"line":227,"column":53}},"81":{"start":{"line":229,"column":6},"end":{"line":233,"column":7}},"82":{"start":{"line":230,"column":8},"end":{"line":232,"column":11}},"83":{"start":{"line":235,"column":29},"end":{"line":235,"column":63}},"84":{"start":{"line":237,"column":6},"end":{"line":237,"column":37}},"85":{"start":{"line":238,"column":6},"end":{"line":238,"column":26}},"86":{"start":{"line":240,"column":6},"end":{"line":240,"column":24}},"87":{"start":{"line":242,"column":6},"end":{"line":245,"column":9}},"88":{"start":{"line":247,"column":6},"end":{"line":247,"column":27}},"89":{"start":{"line":249,"column":6},"end":{"line":252,"column":9}},"90":{"start":{"line":8,"column":0},"end":{"line":8,"column":13}}},"fnMap":{"0":{"name":"(anonymous_1)","decl":{"start":{"line":9,"column":2},"end":{"line":9,"column":7}},"loc":{"start":{"line":9,"column":46},"end":{"line":49,"column":3}}},"1":{"name":"(anonymous_2)","decl":{"start":{"line":51,"column":2},"end":{"line":51,"column":7}},"loc":{"start":{"line":51,"column":45},"end":{"line":83,"column":3}}},"2":{"name":"(anonymous_3)","decl":{"start":{"line":85,"column":2},"end":{"line":85,"column":7}},"loc":{"start":{"line":85,"column":38},"end":{"line":90,"column":3}}},"3":{"name":"(anonymous_4)","decl":{"start":{"line":92,"column":2},"end":{"line":92,"column":7}},"loc":{"start":{"line":92,"column":42},"end":{"line":117,"column":3}}},"4":{"name":"(anonymous_5)","decl":{"start":{"line":119,"column":2},"end":{"line":119,"column":7}},"loc":{"start":{"line":119,"column":46},"end":{"line":150,"column":3}}},"5":{"name":"(anonymous_6)","decl":{"start":{"line":152,"column":2},"end":{"line":152,"column":7}},"loc":{"start":{"line":152,"column":50},"end":{"line":186,"column":3}}},"6":{"name":"(anonymous_7)","decl":{"start":{"line":188,"column":2},"end":{"line":188,"column":7}},"loc":{"start":{"line":188,"column":51},"end":{"line":215,"column":3}}},"7":{"name":"(anonymous_8)","decl":{"start":{"line":217,"column":2},"end":{"line":217,"column":7}},"loc":{"start":{"line":217,"column":49},"end":{"line":254,"column":3}}}},"branchMap":{"0":{"loc":{"start":{"line":13,"column":6},"end":{"line":17,"column":7}},"type":"if","locations":[{"start":{"line":13,"column":6},"end":{"line":17,"column":7}},{"start":{},"end":{}}]},"1":{"loc":{"start":{"line":13,"column":10},"end":{"line":13,"column":69}},"type":"binary-expr","locations":[{"start":{"line":13,"column":10},"end":{"line":13,"column":19}},{"start":{"line":13,"column":23},"end":{"line":13,"column":29}},{"start":{"line":13,"column":33},"end":{"line":13,"column":45}},{"start":{"line":13,"column":49},"end":{"line":13,"column":56}},{"start":{"line":13,"column":60},"end":{"line":13,"column":69}}]},"2":{"loc":{"start":{"line":21,"column":6},"end":{"line":25,"column":7}},"type":"if","locations":[{"start":{"line":21,"column":6},"end":{"line":25,"column":7}},{"start":{},"end":{}}]},"3":{"loc":{"start":{"line":55,"column":6},"end":{"line":57,"column":7}},"type":"if","locations":[{"start":{"line":55,"column":6},"end":{"line":57,"column":7}},{"start":{},"end":{}}]},"4":{"loc":{"start":{"line":55,"column":10},"end":{"line":55,"column":29}},"type":"binary-expr","locations":[{"start":{"line":55,"column":10},"end":{"line":55,"column":16}},{"start":{"line":55,"column":20},"end":{"line":55,"column":29}}]},"5":{"loc":{"start":{"line":61,"column":6},"end":{"line":63,"column":7}},"type":"if","locations":[{"start":{"line":61,"column":6},"end":{"line":63,"column":7}},{"start":{},"end":{}}]},"6":{"loc":{"start":{"line":67,"column":6},"end":{"line":69,"column":7}},"type":"if","locations":[{"start":{"line":67,"column":6},"end":{"line":69,"column":7}},{"start":{},"end":{}}]},"7":{"loc":{"start":{"line":102,"column":6},"end":{"line":104,"column":7}},"type":"if","locations":[{"start":{"line":102,"column":6},"end":{"line":104,"column":7}},{"start":{},"end":{}}]},"8":{"loc":{"start":{"line":123,"column":6},"end":{"line":125,"column":7}},"type":"if","locations":[{"start":{"line":123,"column":6},"end":{"line":125,"column":7}},{"start":{},"end":{}}]},"9":{"loc":{"start":{"line":123,"column":10},"end":{"line":123,"column":38}},"type":"binary-expr","locations":[{"start":{"line":123,"column":10},"end":{"line":123,"column":22}},{"start":{"line":123,"column":26},"end":{"line":123,"column":38}}]},"10":{"loc":{"start":{"line":129,"column":6},"end":{"line":131,"column":7}},"type":"if","locations":[{"start":{"line":129,"column":6},"end":{"line":131,"column":7}},{"start":{},"end":{}}]},"11":{"loc":{"start":{"line":135,"column":6},"end":{"line":137,"column":7}},"type":"if","locations":[{"start":{"line":135,"column":6},"end":{"line":137,"column":7}},{"start":{},"end":{}}]},"12":{"loc":{"start":{"line":156,"column":6},"end":{"line":160,"column":7}},"type":"if","locations":[{"start":{"line":156,"column":6},"end":{"line":160,"column":7}},{"start":{},"end":{}}]},"13":{"loc":{"start":{"line":164,"column":6},"end":{"line":168,"column":7}},"type":"if","locations":[{"start":{"line":164,"column":6},"end":{"line":168,"column":7}},{"start":{},"end":{}}]},"14":{"loc":{"start":{"line":194,"column":6},"end":{"line":198,"column":7}},"type":"if","locations":[{"start":{"line":194,"column":6},"end":{"line":198,"column":7}},{"start":{},"end":{}}]},"15":{"loc":{"start":{"line":200,"column":6},"end":{"line":204,"column":7}},"type":"if","locations":[{"start":{"line":200,"column":6},"end":{"line":204,"column":7}},{"start":{},"end":{}}]},"16":{"loc":{"start":{"line":221,"column":6},"end":{"line":225,"column":7}},"type":"if","locations":[{"start":{"line":221,"column":6},"end":{"line":225,"column":7}},{"start":{},"end":{}}]},"17":{"loc":{"start":{"line":221,"column":10},"end":{"line":221,"column":32}},"type":"binary-expr","locations":[{"start":{"line":221,"column":10},"end":{"line":221,"column":16}},{"start":{"line":221,"column":20},"end":{"line":221,"column":32}}]},"18":{"loc":{"start":{"line":229,"column":6},"end":{"line":233,"column":7}},"type":"if","locations":[{"start":{"line":229,"column":6},"end":{"line":233,"column":7}},{"start":{},"end":{}}]}},"s":{"0":5,"1":5,"2":5,"3":5,"4":5,"5":5,"6":5,"7":5,"8":0,"9":5,"10":5,"11":1,"12":4,"13":4,"14":4,"15":0,"16":0,"17":7,"18":7,"19":7,"20":0,"21":7,"22":7,"23":1,"24":6,"25":6,"26":1,"27":5,"28":5,"29":0,"30":0,"31":0,"32":0,"33":0,"34":0,"35":0,"36":0,"37":0,"38":0,"39":0,"40":0,"41":0,"42":0,"43":0,"44":0,"45":0,"46":0,"47":0,"48":0,"49":0,"50":0,"51":0,"52":0,"53":0,"54":2,"55":2,"56":2,"57":0,"58":2,"59":2,"60":1,"61":1,"62":1,"63":1,"64":1,"65":1,"66":0,"67":1,"68":1,"69":1,"70":1,"71":0,"72":1,"73":0,"74":1,"75":0,"76":1,"77":1,"78":1,"79":0,"80":1,"81":1,"82":0,"83":1,"84":1,"85":1,"86":1,"87":1,"88":0,"89":0,"90":5},"f":{"0":5,"1":7,"2":0,"3":0,"4":0,"5":2,"6":1,"7":1},"b":{"0":[0,5],"1":[5,5,5,5,5],"2":[1,4],"3":[0,7],"4":[7,7],"5":[1,6],"6":[1,5],"7":[0,0],"8":[0,0],"9":[0,0],"10":[0,0],"11":[0,0],"12":[0,2],"13":[1,1],"14":[0,1],"15":[0,1],"16":[0,1],"17":[1,1],"18":[0,1]}}
,"C:\\Users\\Samir\\Documents\\Developer\\WebApi\\backend_learnify_webapi\\src\\controllers\\admin\\user.controller.ts": {"path":"C:\\Users\\Samir\\Documents\\Developer\\WebApi\\backend_learnify_webapi\\src\\controllers\\admin\\user.controller.ts","statementMap":{"0":{"start":{"line":2,"column":0},"end":{"line":2,"column":30}},"1":{"start":{"line":3,"column":0},"end":{"line":3,"column":47}},"2":{"start":{"line":7,"column":4},"end":{"line":42,"column":5}},"3":{"start":{"line":8,"column":19},"end":{"line":8,"column":46}},"4":{"start":{"line":9,"column":20},"end":{"line":9,"column":49}},"5":{"start":{"line":10,"column":22},"end":{"line":10,"column":55}},"6":{"start":{"line":12,"column":25},"end":{"line":12,"column":27}},"7":{"start":{"line":14,"column":6},"end":{"line":19,"column":7}},"8":{"start":{"line":15,"column":8},"end":{"line":18,"column":10}},"9":{"start":{"line":21,"column":20},"end":{"line":21,"column":52}},"10":{"start":{"line":23,"column":20},"end":{"line":27,"column":32}},"11":{"start":{"line":29,"column":6},"end":{"line":37,"column":9}},"12":{"start":{"line":39,"column":6},"end":{"line":41,"column":9}},"13":{"start":{"line":46,"column":4},"end":{"line":60,"column":5}},"14":{"start":{"line":47,"column":19},"end":{"line":47,"column":73}},"15":{"start":{"line":49,"column":6},"end":{"line":53,"column":7}},"16":{"start":{"line":50,"column":8},"end":{"line":52,"column":11}},"17":{"start":{"line":55,"column":6},"end":{"line":55,"column":28}},"18":{"start":{"line":57,"column":6},"end":{"line":59,"column":9}},"19":{"start":{"line":64,"column":4},"end":{"line":101,"column":5}},"20":{"start":{"line":72,"column":10},"end":{"line":72,"column":18}},"21":{"start":{"line":74,"column":27},"end":{"line":74,"column":56}},"22":{"start":{"line":76,"column":6},"end":{"line":80,"column":7}},"23":{"start":{"line":77,"column":8},"end":{"line":79,"column":11}},"24":{"start":{"line":82,"column":29},"end":{"line":82,"column":60}},"25":{"start":{"line":84,"column":19},"end":{"line":91,"column":8}},"26":{"start":{"line":93,"column":6},"end":{"line":96,"column":9}},"27":{"start":{"line":98,"column":6},"end":{"line":100,"column":9}},"28":{"start":{"line":105,"column":4},"end":{"line":134,"column":5}},"29":{"start":{"line":106,"column":30},"end":{"line":106,"column":45}},"30":{"start":{"line":108,"column":6},"end":{"line":110,"column":7}},"31":{"start":{"line":109,"column":8},"end":{"line":109,"column":73}},"32":{"start":{"line":112,"column":19},"end":{"line":118,"column":27}},"33":{"start":{"line":120,"column":6},"end":{"line":124,"column":7}},"34":{"start":{"line":121,"column":8},"end":{"line":123,"column":11}},"35":{"start":{"line":126,"column":6},"end":{"line":129,"column":9}},"36":{"start":{"line":131,"column":6},"end":{"line":133,"column":9}},"37":{"start":{"line":138,"column":4},"end":{"line":154,"column":5}},"38":{"start":{"line":139,"column":19},"end":{"line":139,"column":62}},"39":{"start":{"line":141,"column":6},"end":{"line":145,"column":7}},"40":{"start":{"line":142,"column":8},"end":{"line":144,"column":11}},"41":{"start":{"line":147,"column":6},"end":{"line":149,"column":9}},"42":{"start":{"line":151,"column":6},"end":{"line":153,"column":9}},"43":{"start":{"line":5,"column":0},"end":{"line":5,"column":13}}},"fnMap":{"0":{"name":"(anonymous_1)","decl":{"start":{"line":6,"column":2},"end":{"line":6,"column":7}},"loc":{"start":{"line":6,"column":47},"end":{"line":43,"column":3}}},"1":{"name":"(anonymous_2)","decl":{"start":{"line":45,"column":2},"end":{"line":45,"column":7}},"loc":{"start":{"line":45,"column":47},"end":{"line":61,"column":3}}},"2":{"name":"(anonymous_3)","decl":{"start":{"line":63,"column":2},"end":{"line":63,"column":7}},"loc":{"start":{"line":63,"column":46},"end":{"line":102,"column":3}}},"3":{"name":"(anonymous_4)","decl":{"start":{"line":104,"column":2},"end":{"line":104,"column":7}},"loc":{"start":{"line":104,"column":46},"end":{"line":135,"column":3}}},"4":{"name":"(anonymous_5)","decl":{"start":{"line":137,"column":2},"end":{"line":137,"column":7}},"loc":{"start":{"line":137,"column":46},"end":{"line":155,"column":3}}}},"branchMap":{"0":{"loc":{"start":{"line":8,"column":19},"end":{"line":8,"column":46}},"type":"binary-expr","locations":[{"start":{"line":8,"column":19},"end":{"line":8,"column":41}},{"start":{"line":8,"column":45},"end":{"line":8,"column":46}}]},"1":{"loc":{"start":{"line":9,"column":20},"end":{"line":9,"column":49}},"type":"binary-expr","locations":[{"start":{"line":9,"column":20},"end":{"line":9,"column":43}},{"start":{"line":9,"column":47},"end":{"line":9,"column":49}}]},"2":{"loc":{"start":{"line":10,"column":22},"end":{"line":10,"column":55}},"type":"binary-expr","locations":[{"start":{"line":10,"column":22},"end":{"line":10,"column":49}},{"start":{"line":10,"column":53},"end":{"line":10,"column":55}}]},"3":{"loc":{"start":{"line":14,"column":6},"end":{"line":19,"column":7}},"type":"if","locations":[{"start":{"line":14,"column":6},"end":{"line":19,"column":7}},{"start":{},"end":{}}]},"4":{"loc":{"start":{"line":49,"column":6},"end":{"line":53,"column":7}},"type":"if","locations":[{"start":{"line":49,"column":6},"end":{"line":53,"column":7}},{"start":{},"end":{}}]},"5":{"loc":{"start":{"line":76,"column":6},"end":{"line":80,"column":7}},"type":"if","locations":[{"start":{"line":76,"column":6},"end":{"line":80,"column":7}},{"start":{},"end":{}}]},"6":{"loc":{"start":{"line":108,"column":6},"end":{"line":110,"column":7}},"type":"if","locations":[{"start":{"line":108,"column":6},"end":{"line":110,"column":7}},{"start":{},"end":{}}]},"7":{"loc":{"start":{"line":120,"column":6},"end":{"line":124,"column":7}},"type":"if","locations":[{"start":{"line":120,"column":6},"end":{"line":124,"column":7}},{"start":{},"end":{}}]},"8":{"loc":{"start":{"line":141,"column":6},"end":{"line":145,"column":7}},"type":"if","locations":[{"start":{"line":141,"column":6},"end":{"line":145,"column":7}},{"start":{},"end":{}}]}},"s":{"0":5,"1":5,"2":0,"3":0,"4":0,"5":0,"6":0,"7":0,"8":0,"9":0,"10":0,"11":0,"12":0,"13":0,"14":0,"15":0,"16":0,"17":0,"18":0,"19":0,"20":0,"21":0,"22":0,"23":0,"24":0,"25":0,"26":0,"27":0,"28":0,"29":0,"30":0,"31":0,"32":0,"33":0,"34":0,"35":0,"36":0,"37":0,"38":0,"39":0,"40":0,"41":0,"42":0,"43":5},"f":{"0":0,"1":0,"2":0,"3":0,"4":0},"b":{"0":[0,0],"1":[0,0],"2":[0,0],"3":[0,0],"4":[0,0],"5":[0,0],"6":[0,0],"7":[0,0],"8":[0,0]}}
,"C:\\Users\\Samir\\Documents\\Developer\\WebApi\\backend_learnify_webapi\\src\\database\\mongodb.ts": {"path":"C:\\Users\\Samir\\Documents\\Developer\\WebApi\\backend_learnify_webapi\\src\\database\\mongodb.ts","statementMap":{"0":{"start":{"line":1,"column":0},"end":{"line":1,"column":32}},"1":{"start":{"line":2,"column":0},"end":{"line":2,"column":50}},"2":{"start":{"line":4,"column":32},"end":{"line":12,"column":1}},"3":{"start":{"line":5,"column":2},"end":{"line":11,"column":3}},"4":{"start":{"line":6,"column":4},"end":{"line":6,"column":40}},"5":{"start":{"line":7,"column":4},"end":{"line":7,"column":50}},"6":{"start":{"line":9,"column":4},"end":{"line":9,"column":55}},"7":{"start":{"line":10,"column":4},"end":{"line":10,"column":20}},"8":{"start":{"line":4,"column":13},"end":{"line":4,"column":32}}},"fnMap":{"0":{"name":"(anonymous_1)","decl":{"start":{"line":4,"column":32},"end":{"line":4,"column":37}},"loc":{"start":{"line":4,"column":58},"end":{"line":12,"column":1}}}},"branchMap":{},"s":{"0":4,"1":4,"2":4,"3":4,"4":4,"5":4,"6":0,"7":0,"8":4},"f":{"0":4},"b":{}}
,"C:\\Users\\Samir\\Documents\\Developer\\WebApi\\backend_learnify_webapi\\src\\middleware\\auth.middleware.ts": {"path":"C:\\Users\\Samir\\Documents\\Developer\\WebApi\\backend_learnify_webapi\\src\\middleware\\auth.middleware.ts","statementMap":{"0":{"start":{"line":2,"column":0},"end":{"line":2,"column":31}},"1":{"start":{"line":3,"column":0},"end":{"line":3,"column":49}},"2":{"start":{"line":4,"column":0},"end":{"line":4,"column":70}},"3":{"start":{"line":6,"column":23},"end":{"line":6,"column":48}},"4":{"start":{"line":12,"column":30},"end":{"line":56,"column":1}},"5":{"start":{"line":17,"column":2},"end":{"line":55,"column":3}},"6":{"start":{"line":18,"column":23},"end":{"line":18,"column":48}},"7":{"start":{"line":20,"column":4},"end":{"line":25,"column":5}},"8":{"start":{"line":21,"column":6},"end":{"line":24,"column":9}},"9":{"start":{"line":27,"column":18},"end":{"line":27,"column":42}},"10":{"start":{"line":29,"column":20},"end":{"line":29,"column":56}},"11":{"start":{"line":31,"column":4},"end":{"line":36,"column":5}},"12":{"start":{"line":32,"column":6},"end":{"line":35,"column":9}},"13":{"start":{"line":38,"column":17},"end":{"line":38,"column":58}},"14":{"start":{"line":40,"column":4},"end":{"line":45,"column":5}},"15":{"start":{"line":41,"column":6},"end":{"line":44,"column":9}},"16":{"start":{"line":47,"column":4},"end":{"line":47,"column":20}},"17":{"start":{"line":49,"column":4},"end":{"line":49,"column":11}},"18":{"start":{"line":51,"column":4},"end":{"line":54,"column":7}},"19":{"start":{"line":12,"column":13},"end":{"line":12,"column":30}},"20":{"start":{"line":58,"column":23},"end":{"line":78,"column":1}},"21":{"start":{"line":63,"column":2},"end":{"line":68,"column":3}},"22":{"start":{"line":64,"column":4},"end":{"line":67,"column":7}},"23":{"start":{"line":70,"column":2},"end":{"line":75,"column":3}},"24":{"start":{"line":71,"column":4},"end":{"line":74,"column":7}},"25":{"start":{"line":77,"column":2},"end":{"line":77,"column":9}},"26":{"start":{"line":58,"column":13},"end":{"line":58,"column":23}}},"fnMap":{"0":{"name":"(anonymous_1)","decl":{"start":{"line":12,"column":30},"end":{"line":12,"column":35}},"loc":{"start":{"line":16,"column":4},"end":{"line":56,"column":1}}},"1":{"name":"(anonymous_2)","decl":{"start":{"line":58,"column":23},"end":{"line":58,"column":null}},"loc":{"start":{"line":62,"column":4},"end":{"line":78,"column":1}}}},"branchMap":{"0":{"loc":{"start":{"line":20,"column":4},"end":{"line":25,"column":5}},"type":"if","locations":[{"start":{"line":20,"column":4},"end":{"line":25,"column":5}},{"start":{},"end":{}}]},"1":{"loc":{"start":{"line":20,"column":8},"end":{"line":20,"column":56}},"type":"binary-expr","locations":[{"start":{"line":20,"column":8},"end":{"line":20,"column":19}},{"start":{"line":20,"column":23},"end":{"line":20,"column":56}}]},"2":{"loc":{"start":{"line":31,"column":4},"end":{"line":36,"column":5}},"type":"if","locations":[{"start":{"line":31,"column":4},"end":{"line":36,"column":5}},{"start":{},"end":{}}]},"3":{"loc":{"start":{"line":31,"column":8},"end":{"line":31,"column":31}},"type":"binary-expr","locations":[{"start":{"line":31,"column":8},"end":{"line":31,"column":16}},{"start":{"line":31,"column":20},"end":{"line":31,"column":31}}]},"4":{"loc":{"start":{"line":40,"column":4},"end":{"line":45,"column":5}},"type":"if","locations":[{"start":{"line":40,"column":4},"end":{"line":45,"column":5}},{"start":{},"end":{}}]},"5":{"loc":{"start":{"line":53,"column":15},"end":{"line":53,"column":46}},"type":"binary-expr","locations":[{"start":{"line":53,"column":15},"end":{"line":53,"column":28}},{"start":{"line":53,"column":32},"end":{"line":53,"column":46}}]},"6":{"loc":{"start":{"line":63,"column":2},"end":{"line":68,"column":3}},"type":"if","locations":[{"start":{"line":63,"column":2},"end":{"line":68,"column":3}},{"start":{},"end":{}}]},"7":{"loc":{"start":{"line":70,"column":2},"end":{"line":75,"column":3}},"type":"if","locations":[{"start":{"line":70,"column":2},"end":{"line":75,"column":3}},{"start":{},"end":{}}]}},"s":{"0":5,"1":5,"2":5,"3":5,"4":5,"5":26,"6":26,"7":26,"8":7,"9":19,"10":19,"11":19,"12":0,"13":19,"14":19,"15":0,"16":19,"17":19,"18":0,"19":5,"20":5,"21":0,"22":0,"23":0,"24":0,"25":0,"26":5},"f":{"0":26,"1":0},"b":{"0":[7,19],"1":[26,19],"2":[0,19],"3":[19,19],"4":[0,19],"5":[0,0],"6":[0,0],"7":[0,0]}}
,"C:\\Users\\Samir\\Documents\\Developer\\WebApi\\backend_learnify_webapi\\src\\middleware\\upload.ts": {"path":"C:\\Users\\Samir\\Documents\\Developer\\WebApi\\backend_learnify_webapi\\src\\middleware\\upload.ts","statementMap":{"0":{"start":{"line":1,"column":0},"end":{"line":1,"column":28}},"1":{"start":{"line":2,"column":0},"end":{"line":2,"column":24}},"2":{"start":{"line":3,"column":0},"end":{"line":3,"column":20}},"3":{"start":{"line":5,"column":19},"end":{"line":5,"column":28}},"4":{"start":{"line":7,"column":0},"end":{"line":9,"column":1}},"5":{"start":{"line":8,"column":2},"end":{"line":8,"column":27}},"6":{"start":{"line":11,"column":16},"end":{"line":18,"column":2}},"7":{"start":{"line":13,"column":4},"end":{"line":13,"column":25}},"8":{"start":{"line":16,"column":4},"end":{"line":16,"column":59}},"9":{"start":{"line":20,"column":13},"end":{"line":20,"column":42}}},"fnMap":{"0":{"name":"(anonymous_1)","decl":{"start":{"line":12,"column":15},"end":{"line":12,"column":16}},"loc":{"start":{"line":12,"column":33},"end":{"line":14,"column":3}}},"1":{"name":"(anonymous_2)","decl":{"start":{"line":15,"column":12},"end":{"line":15,"column":13}},"loc":{"start":{"line":15,"column":30},"end":{"line":17,"column":3}}}},"branchMap":{"0":{"loc":{"start":{"line":7,"column":0},"end":{"line":9,"column":1}},"type":"if","locations":[{"start":{"line":7,"column":0},"end":{"line":9,"column":1}},{"start":{},"end":{}}]}},"s":{"0":5,"1":5,"2":5,"3":5,"4":5,"5":0,"6":5,"7":0,"8":0,"9":5},"f":{"0":0,"1":0},"b":{"0":[0,5]}}
,"C:\\Users\\Samir\\Documents\\Developer\\WebApi\\backend_learnify_webapi\\src\\models\\lesson.model.ts": {"path":"C:\\Users\\Samir\\Documents\\Developer\\WebApi\\backend_learnify_webapi\\src\\models\\lesson.model.ts","statementMap":{"0":{"start":{"line":1,"column":0},"end":{"line":1,"column":32}},"1":{"start":{"line":12,"column":21},"end":{"line":43,"column":null}},"2":{"start":{"line":46,"column":13},"end":{"line":46,"column":70}}},"fnMap":{},"branchMap":{},"s":{"0":5,"1":5,"2":5},"f":{},"b":{}}
,"C:\\Users\\Samir\\Documents\\Developer\\WebApi\\backend_learnify_webapi\\src\\models\\progress.model.ts": {"path":"C:\\Users\\Samir\\Documents\\Developer\\WebApi\\backend_learnify_webapi\\src\\models\\progress.model.ts","statementMap":{"0":{"start":{"line":1,"column":0},"end":{"line":1,"column":54}},"1":{"start":{"line":10,"column":23},"end":{"line":35,"column":null}},"2":{"start":{"line":38,"column":17},"end":{"line":38,"column":70}},"3":{"start":{"line":40,"column":0},"end":{"line":40,"column":24}}},"fnMap":{},"branchMap":{},"s":{"0":5,"1":5,"2":5,"3":5},"f":{},"b":{}}
,"C:\\Users\\Samir\\Documents\\Developer\\WebApi\\backend_learnify_webapi\\src\\models\\quiz.model.ts": {"path":"C:\\Users\\Samir\\Documents\\Developer\\WebApi\\backend_learnify_webapi\\src\\models\\quiz.model.ts","statementMap":{"0":{"start":{"line":1,"column":0},"end":{"line":1,"column":54}},"1":{"start":{"line":10,"column":19},"end":{"line":32,"column":null}},"2":{"start":{"line":35,"column":0},"end":{"line":35,"column":57}}},"fnMap":{},"branchMap":{},"s":{"0":5,"1":5,"2":5},"f":{},"b":{}}
,"C:\\Users\\Samir\\Documents\\Developer\\WebApi\\backend_learnify_webapi\\src\\models\\quizResult.model.ts": {"path":"C:\\Users\\Samir\\Documents\\Developer\\WebApi\\backend_learnify_webapi\\src\\models\\quizResult.model.ts","statementMap":{"0":{"start":{"line":1,"column":0},"end":{"line":1,"column":54}},"1":{"start":{"line":11,"column":25},"end":{"line":38,"column":null}},"2":{"start":{"line":41,"column":0},"end":{"line":44,"column":2}}},"fnMap":{},"branchMap":{},"s":{"0":5,"1":5,"2":5},"f":{},"b":{}}
,"C:\\Users\\Samir\\Documents\\Developer\\WebApi\\backend_learnify_webapi\\src\\models\\user.model.ts": {"path":"C:\\Users\\Samir\\Documents\\Developer\\WebApi\\backend_learnify_webapi\\src\\models\\user.model.ts","statementMap":{"0":{"start":{"line":1,"column":0},"end":{"line":1,"column":32}},"1":{"start":{"line":17,"column":19},"end":{"line":66,"column":null}},"2":{"start":{"line":69,"column":13},"end":{"line":69,"column":62}}},"fnMap":{},"branchMap":{},"s":{"0":5,"1":5,"2":5},"f":{},"b":{}}
,"C:\\Users\\Samir\\Documents\\Developer\\WebApi\\backend_learnify_webapi\\src\\repositories\\progress.repository.ts": {"path":"C:\\Users\\Samir\\Documents\\Developer\\WebApi\\backend_learnify_webapi\\src\\repositories\\progress.repository.ts","statementMap":{"0":{"start":{"line":1,"column":0},"end":{"line":1,"column":48}},"1":{"start":{"line":5,"column":21},"end":{"line":8,"column":6}},"2":{"start":{"line":10,"column":4},"end":{"line":12,"column":5}},"3":{"start":{"line":11,"column":6},"end":{"line":11,"column":22}},"4":{"start":{"line":14,"column":4},"end":{"line":19,"column":7}},"5":{"start":{"line":23,"column":4},"end":{"line":23,"column":64}},"6":{"start":{"line":26,"column":2},"end":{"line":28,"column":5}},"7":{"start":{"line":3,"column":0},"end":{"line":3,"column":13}},"8":{"start":{"line":32,"column":0},"end":{"line":32,"column":40}}},"fnMap":{"0":{"name":"(anonymous_1)","decl":{"start":{"line":4,"column":2},"end":{"line":4,"column":7}},"loc":{"start":{"line":4,"column":55},"end":{"line":20,"column":3}}},"1":{"name":"(anonymous_2)","decl":{"start":{"line":22,"column":2},"end":{"line":22,"column":7}},"loc":{"start":{"line":22,"column":38},"end":{"line":24,"column":3}}},"2":{"name":"(anonymous_3)","decl":{"start":{"line":25,"column":2},"end":{"line":25,"column":7}},"loc":{"start":{"line":25,"column":49},"end":{"line":29,"column":1}}}},"branchMap":{"0":{"loc":{"start":{"line":10,"column":4},"end":{"line":12,"column":5}},"type":"if","locations":[{"start":{"line":10,"column":4},"end":{"line":12,"column":5}},{"start":{},"end":{}}]}},"s":{"0":5,"1":1,"2":1,"3":0,"4":1,"5":1,"6":1,"7":5,"8":5},"f":{"0":1,"1":1,"2":1},"b":{"0":[0,1]}}
,"C:\\Users\\Samir\\Documents\\Developer\\WebApi\\backend_learnify_webapi\\src\\repositories\\user.repository.ts": {"path":"C:\\Users\\Samir\\Documents\\Developer\\WebApi\\backend_learnify_webapi\\src\\repositories\\user.repository.ts","statementMap":{"0":{"start":{"line":1,"column":0},"end":{"line":1,"column":51}},"1":{"start":{"line":5,"column":4},"end":{"line":5,"column":35}},"2":{"start":{"line":9,"column":4},"end":{"line":9,"column":41}},"3":{"start":{"line":13,"column":4},"end":{"line":13,"column":35}},"4":{"start":{"line":17,"column":4},"end":{"line":17,"column":29}},"5":{"start":{"line":24,"column":4},"end":{"line":26,"column":7}},"6":{"start":{"line":30,"column":19},"end":{"line":30,"column":51}},"7":{"start":{"line":31,"column":4},"end":{"line":31,"column":20}},"8":{"start":{"line":3,"column":0},"end":{"line":3,"column":13}}},"fnMap":{"0":{"name":"(anonymous_0)","decl":{"start":{"line":4,"column":2},"end":{"line":4,"column":7}},"loc":{"start":{"line":4,"column":27},"end":{"line":6,"column":3}}},"1":{"name":"(anonymous_1)","decl":{"start":{"line":8,"column":2},"end":{"line":8,"column":7}},"loc":{"start":{"line":8,"column":33},"end":{"line":10,"column":3}}},"2":{"name":"(anonymous_2)","decl":{"start":{"line":12,"column":2},"end":{"line":12,"column":7}},"loc":{"start":{"line":12,"column":26},"end":{"line":14,"column":3}}},"3":{"name":"(anonymous_3)","decl":{"start":{"line":16,"column":2},"end":{"line":16,"column":7}},"loc":{"start":{"line":16,"column":15},"end":{"line":18,"column":3}}},"4":{"name":"(anonymous_4)","decl":{"start":{"line":20,"column":2},"end":{"line":20,"column":7}},"loc":{"start":{"line":22,"column":24},"end":{"line":27,"column":3}}},"5":{"name":"(anonymous_5)","decl":{"start":{"line":29,"column":2},"end":{"line":29,"column":7}},"loc":{"start":{"line":29,"column":29},"end":{"line":32,"column":3}}}},"branchMap":{},"s":{"0":5,"1":19,"2":0,"3":0,"4":0,"5":0,"6":0,"7":0,"8":5},"f":{"0":19,"1":0,"2":0,"3":0,"4":0,"5":0},"b":{}}
,"C:\\Users\\Samir\\Documents\\Developer\\WebApi\\backend_learnify_webapi\\src\\routes\\ai.route.ts": {"path":"C:\\Users\\Samir\\Documents\\Developer\\WebApi\\backend_learnify_webapi\\src\\routes\\ai.route.ts","statementMap":{"0":{"start":{"line":1,"column":0},"end":{"line":1,"column":33}},"1":{"start":{"line":2,"column":0},"end":{"line":2,"column":60}},"2":{"start":{"line":4,"column":15},"end":{"line":4,"column":23}},"3":{"start":{"line":5,"column":21},"end":{"line":5,"column":39}},"4":{"start":{"line":7,"column":0},"end":{"line":7,"column":40}},"5":{"start":{"line":9,"column":0},"end":{"line":9,"column":22}}},"fnMap":{},"branchMap":{},"s":{"0":5,"1":5,"2":5,"3":5,"4":5,"5":5},"f":{},"b":{}}
,"C:\\Users\\Samir\\Documents\\Developer\\WebApi\\backend_learnify_webapi\\src\\routes\\lesson.route.ts": {"path":"C:\\Users\\Samir\\Documents\\Developer\\WebApi\\backend_learnify_webapi\\src\\routes\\lesson.route.ts","statementMap":{"0":{"start":{"line":1,"column":0},"end":{"line":1,"column":33}},"1":{"start":{"line":2,"column":0},"end":{"line":2,"column":68}},"2":{"start":{"line":3,"column":0},"end":{"line":3,"column":63}},"3":{"start":{"line":4,"column":0},"end":{"line":4,"column":46}},"4":{"start":{"line":6,"column":15},"end":{"line":6,"column":23}},"5":{"start":{"line":7,"column":25},"end":{"line":7,"column":47}},"6":{"start":{"line":9,"column":0},"end":{"line":14,"column":2}},"7":{"start":{"line":16,"column":0},"end":{"line":16,"column":48}},"8":{"start":{"line":18,"column":0},"end":{"line":18,"column":51}},"9":{"start":{"line":20,"column":0},"end":{"line":25,"column":2}},"10":{"start":{"line":27,"column":0},"end":{"line":27,"column":69}},"11":{"start":{"line":29,"column":0},"end":{"line":29,"column":22}}},"fnMap":{},"branchMap":{},"s":{"0":5,"1":5,"2":5,"3":5,"4":5,"5":5,"6":5,"7":5,"8":5,"9":5,"10":5,"11":5},"f":{},"b":{}}
,"C:\\Users\\Samir\\Documents\\Developer\\WebApi\\backend_learnify_webapi\\src\\routes\\progress.route.ts": {"path":"C:\\Users\\Samir\\Documents\\Developer\\WebApi\\backend_learnify_webapi\\src\\routes\\progress.route.ts","statementMap":{"0":{"start":{"line":1,"column":0},"end":{"line":1,"column":33}},"1":{"start":{"line":2,"column":0},"end":{"line":2,"column":68}},"2":{"start":{"line":3,"column":0},"end":{"line":3,"column":63}},"3":{"start":{"line":5,"column":15},"end":{"line":5,"column":23}},"4":{"start":{"line":8,"column":0},"end":{"line":8,"column":76}},"5":{"start":{"line":11,"column":0},"end":{"line":11,"column":77}},"6":{"start":{"line":13,"column":0},"end":{"line":13,"column":22}}},"fnMap":{},"branchMap":{},"s":{"0":5,"1":5,"2":5,"3":5,"4":5,"5":5,"6":5},"f":{},"b":{}}
,"C:\\Users\\Samir\\Documents\\Developer\\WebApi\\backend_learnify_webapi\\src\\routes\\quiz.route.ts": {"path":"C:\\Users\\Samir\\Documents\\Developer\\WebApi\\backend_learnify_webapi\\src\\routes\\quiz.route.ts","statementMap":{"0":{"start":{"line":1,"column":0},"end":{"line":1,"column":30}},"1":{"start":{"line":2,"column":0},"end":{"line":2,"column":null}},"2":{"start":{"line":10,"column":0},"end":{"line":10,"column":63}},"3":{"start":{"line":12,"column":15},"end":{"line":12,"column":31}},"4":{"start":{"line":15,"column":0},"end":{"line":15,"column":29}},"5":{"start":{"line":17,"column":0},"end":{"line":17,"column":60}},"6":{"start":{"line":20,"column":0},"end":{"line":20,"column":42}},"7":{"start":{"line":23,"column":0},"end":{"line":23,"column":51}},"8":{"start":{"line":25,"column":0},"end":{"line":25,"column":38}},"9":{"start":{"line":27,"column":0},"end":{"line":27,"column":35}},"10":{"start":{"line":29,"column":0},"end":{"line":29,"column":22}}},"fnMap":{},"branchMap":{},"s":{"0":5,"1":5,"2":5,"3":5,"4":5,"5":5,"6":5,"7":5,"8":5,"9":5,"10":5},"f":{},"b":{}}
,"C:\\Users\\Samir\\Documents\\Developer\\WebApi\\backend_learnify_webapi\\src\\routes\\upload.route.ts": {"path":"C:\\Users\\Samir\\Documents\\Developer\\WebApi\\backend_learnify_webapi\\src\\routes\\upload.route.ts","statementMap":{"0":{"start":{"line":1,"column":0},"end":{"line":1,"column":30}},"1":{"start":{"line":2,"column":0},"end":{"line":2,"column":46}},"2":{"start":{"line":4,"column":15},"end":{"line":4,"column":31}},"3":{"start":{"line":6,"column":0},"end":{"line":14,"column":3}},"4":{"start":{"line":7,"column":2},"end":{"line":9,"column":3}},"5":{"start":{"line":8,"column":4},"end":{"line":8,"column":65}},"6":{"start":{"line":11,"column":2},"end":{"line":13,"column":5}},"7":{"start":{"line":16,"column":0},"end":{"line":16,"column":22}}},"fnMap":{"0":{"name":"(anonymous_1)","decl":{"start":{"line":6,"column":47},"end":{"line":6,"column":48}},"loc":{"start":{"line":6,"column":60},"end":{"line":14,"column":1}}}},"branchMap":{"0":{"loc":{"start":{"line":7,"column":2},"end":{"line":9,"column":3}},"type":"if","locations":[{"start":{"line":7,"column":2},"end":{"line":9,"column":3}},{"start":{},"end":{}}]}},"s":{"0":5,"1":5,"2":5,"3":5,"4":0,"5":0,"6":0,"7":5},"f":{"0":0},"b":{"0":[0,0]}}
,"C:\\Users\\Samir\\Documents\\Developer\\WebApi\\backend_learnify_webapi\\src\\routes\\user.route.ts": {"path":"C:\\Users\\Samir\\Documents\\Developer\\WebApi\\backend_learnify_webapi\\src\\routes\\user.route.ts","statementMap":{"0":{"start":{"line":1,"column":0},"end":{"line":1,"column":33}},"1":{"start":{"line":2,"column":0},"end":{"line":2,"column":64}},"2":{"start":{"line":3,"column":0},"end":{"line":3,"column":63}},"3":{"start":{"line":4,"column":0},"end":{"line":4,"column":46}},"4":{"start":{"line":6,"column":15},"end":{"line":6,"column":23}},"5":{"start":{"line":7,"column":23},"end":{"line":7,"column":43}},"6":{"start":{"line":9,"column":0},"end":{"line":9,"column":52}},"7":{"start":{"line":11,"column":0},"end":{"line":11,"column":48}},"8":{"start":{"line":13,"column":0},"end":{"line":13,"column":63}},"9":{"start":{"line":15,"column":0},"end":{"line":15,"column":66}},"10":{"start":{"line":17,"column":0},"end":{"line":17,"column":61}},"11":{"start":{"line":19,"column":0},"end":{"line":19,"column":61}},"12":{"start":{"line":21,"column":0},"end":{"line":26,"column":2}},"13":{"start":{"line":28,"column":0},"end":{"line":32,"column":2}},"14":{"start":{"line":34,"column":0},"end":{"line":34,"column":22}}},"fnMap":{},"branchMap":{},"s":{"0":5,"1":5,"2":5,"3":5,"4":5,"5":5,"6":5,"7":5,"8":5,"9":5,"10":5,"11":5,"12":5,"13":5,"14":5},"f":{},"b":{}}
,"C:\\Users\\Samir\\Documents\\Developer\\WebApi\\backend_learnify_webapi\\src\\routes\\admin\\user.route.ts": {"path":"C:\\Users\\Samir\\Documents\\Developer\\WebApi\\backend_learnify_webapi\\src\\routes\\admin\\user.route.ts","statementMap":{"0":{"start":{"line":1,"column":0},"end":{"line":1,"column":33}},"1":{"start":{"line":2,"column":0},"end":{"line":2,"column":78}},"2":{"start":{"line":3,"column":0},"end":{"line":3,"column":75}},"3":{"start":{"line":5,"column":15},"end":{"line":5,"column":23}},"4":{"start":{"line":7,"column":24},"end":{"line":7,"column":49}},"5":{"start":{"line":9,"column":0},"end":{"line":14,"column":2}},"6":{"start":{"line":16,"column":0},"end":{"line":21,"column":2}},"7":{"start":{"line":23,"column":0},"end":{"line":28,"column":2}},"8":{"start":{"line":30,"column":0},"end":{"line":35,"column":2}},"9":{"start":{"line":37,"column":0},"end":{"line":42,"column":2}},"10":{"start":{"line":44,"column":0},"end":{"line":44,"column":22}}},"fnMap":{},"branchMap":{},"s":{"0":5,"1":5,"2":5,"3":5,"4":5,"5":5,"6":5,"7":5,"8":5,"9":5,"10":5},"f":{},"b":{}}
,"C:\\Users\\Samir\\Documents\\Developer\\WebApi\\backend_learnify_webapi\\src\\services\\gemini.service.ts": {"path":"C:\\Users\\Samir\\Documents\\Developer\\WebApi\\backend_learnify_webapi\\src\\services\\gemini.service.ts","statementMap":{"0":{"start":{"line":7,"column":0},"end":{"line":7,"column":7}},"1":{"start":{"line":1,"column":0},"end":{"line":1,"column":44}},"2":{"start":{"line":3,"column":11},"end":{"line":5,"column":2}},"3":{"start":{"line":8,"column":19},"end":{"line":11,"column":4}},"4":{"start":{"line":13,"column":2},"end":{"line":13,"column":23}}},"fnMap":{"0":{"name":"askGemini","decl":{"start":{"line":7,"column":22},"end":{"line":7,"column":31}},"loc":{"start":{"line":7,"column":47},"end":{"line":14,"column":1}}}},"branchMap":{},"s":{"0":4,"1":4,"2":4,"3":0,"4":0},"f":{"0":0},"b":{}}
,"C:\\Users\\Samir\\Documents\\Developer\\WebApi\\backend_learnify_webapi\\src\\utils\\email.ts": {"path":"C:\\Users\\Samir\\Documents\\Developer\\WebApi\\backend_learnify_webapi\\src\\utils\\email.ts","statementMap":{"0":{"start":{"line":1,"column":0},"end":{"line":1,"column":36}},"1":{"start":{"line":3,"column":20},"end":{"line":9,"column":2}},"2":{"start":{"line":11,"column":29},"end":{"line":35,"column":1}},"3":{"start":{"line":15,"column":2},"end":{"line":34,"column":5}},"4":{"start":{"line":11,"column":13},"end":{"line":11,"column":29}}},"fnMap":{"0":{"name":"(anonymous_1)","decl":{"start":{"line":11,"column":29},"end":{"line":11,"column":34}},"loc":{"start":{"line":14,"column":4},"end":{"line":35,"column":1}}}},"branchMap":{},"s":{"0":4,"1":4,"2":4,"3":0,"4":4},"f":{"0":0},"b":{}}
}
