TN:
SF:src\app.ts
FN:32,(anonymous_1)
FN:38,(anonymous_2)
FN:45,(anonymous_3)
FNF:3
FNH:0
FNDA:0,(anonymous_1)
FNDA:0,(anonymous_2)
FNDA:0,(anonymous_3)
DA:1,5
DA:2,5
DA:3,5
DA:5,5
DA:6,5
DA:7,5
DA:8,5
DA:9,5
DA:10,5
DA:11,5
DA:13,5
DA:15,5
DA:17,5
DA:18,5
DA:19,5
DA:22,5
DA:23,5
DA:24,5
DA:25,5
DA:26,5
DA:27,5
DA:28,5
DA:30,5
DA:32,5
DA:33,0
DA:38,5
DA:39,0
DA:44,5
DA:46,0
DA:52,5
LF:30
LH:27
BRDA:47,0,0,0
BRDA:47,0,1,0
BRF:2
BRH:0
end_of_record
TN:
SF:src\config\constants.ts
FNF:0
FNH:0
DA:1,5
DA:2,5
DA:4,5
DA:6,5
DA:9,5
LF:5
LH:5
BRDA:4,0,0,5
BRDA:4,0,1,0
BRDA:7,1,0,5
BRDA:7,1,1,0
BRDA:10,2,0,5
BRDA:10,2,1,0
BRF:6
BRH:3
end_of_record
TN:
SF:src\controllers\ai.controller.ts
FN:5,(anonymous_0)
FNF:1
FNH:1
FNDA:5,(anonymous_0)
DA:2,5
DA:4,5
DA:6,5
DA:7,5
DA:9,5
DA:10,2
DA:15,3
DA:17,2
DA:22,1
DA:24,1
LF:10
LH:10
BRDA:9,0,0,2
BRDA:9,0,1,3
BRF:2
BRH:2
end_of_record
TN:
SF:src\controllers\lesson.controller.ts
FN:6,(anonymous_1)
FN:36,(anonymous_2)
FN:48,(anonymous_3)
FN:66,(anonymous_4)
FN:95,(anonymous_5)
FNF:5
FNH:5
FNDA:6,(anonymous_1)
FNDA:1,(anonymous_2)
FNDA:4,(anonymous_3)
FNDA:3,(anonymous_4)
FNDA:3,(anonymous_5)
DA:2,5
DA:3,5
DA:5,5
DA:7,6
DA:8,6
DA:10,6
DA:11,1
DA:16,5
DA:25,5
DA:30,0
DA:37,1
DA:38,1
DA:40,1
DA:42,0
DA:49,4
DA:50,4
DA:52,4
DA:53,3
DA:58,1
DA:60,0
DA:67,3
DA:68,3
DA:72,3
DA:73,0
DA:76,3
DA:84,1
DA:89,2
DA:96,3
DA:97,3
DA:99,3
DA:101,1
DA:103,1
DA:107,2
DA:109,2
DA:116,5
LF:35
LH:31
BRDA:10,0,0,1
BRDA:10,0,1,5
BRDA:10,1,0,6
BRDA:10,1,1,5
BRDA:10,1,2,5
BRDA:10,1,3,5
BRDA:10,1,4,5
BRDA:22,2,0,0
BRDA:22,2,1,5
BRDA:52,3,0,3
BRDA:52,3,1,1
BRDA:72,4,0,0
BRDA:72,4,1,3
BRF:13
BRH:11
end_of_record
TN:
SF:src\controllers\progress.controller.ts
FN:6,(anonymous_1)
FN:38,(anonymous_2)
FNF:2
FNH:2
FNDA:2,(anonymous_1)
FNDA:1,(anonymous_2)
DA:3,5
DA:5,5
DA:7,2
DA:8,2
DA:9,2
DA:11,2
DA:12,1
DA:18,1
DA:23,1
DA:29,0
DA:31,0
DA:39,1
DA:40,1
DA:42,1
DA:43,0
DA:49,1
DA:53,1
DA:58,0
DA:60,0
DA:68,5
LF:20
LH:15
BRDA:11,0,0,1
BRDA:11,0,1,1
BRDA:11,1,0,2
BRDA:11,1,1,2
BRDA:42,2,0,0
BRDA:42,2,1,1
BRF:6
BRH:5
end_of_record
TN:
SF:src\controllers\quiz.controller.ts
FN:6,(anonymous_1)
FN:24,(anonymous_2)
FN:42,(anonymous_3)
FN:55,(anonymous_4)
FN:93,(anonymous_5)
FN:117,(anonymous_6)
FN:149,(anonymous_7)
FNF:7
FNH:7
FNDA:3,(anonymous_1)
FNDA:3,(anonymous_2)
FNDA:3,(anonymous_3)
FNDA:2,(anonymous_4)
FNDA:2,(anonymous_5)
FNDA:2,(anonymous_6)
FNDA:1,(anonymous_7)
DA:3,5
DA:4,5
DA:6,5
DA:7,3
DA:8,3
DA:10,2
DA:16,1
DA:24,5
DA:25,3
DA:26,3
DA:30,3
DA:35,0
DA:42,5
DA:46,3
DA:47,3
DA:49,3
DA:51,3
DA:53,3
DA:54,2
DA:55,2
DA:58,2
DA:59,1
DA:63,3
DA:66,3
DA:69,3
DA:77,3
DA:85,0
DA:93,5
DA:94,2
DA:95,2
DA:97,2
DA:98,1
DA:104,1
DA:109,0
DA:117,5
DA:118,2
DA:119,2
DA:128,2
DA:129,1
DA:135,1
DA:141,0
DA:149,5
DA:153,1
DA:154,1
DA:158,1
DA:163,0
LF:46
LH:41
BRDA:58,0,0,1
BRDA:58,0,1,1
BRDA:58,1,0,2
BRDA:58,1,1,2
BRDA:66,2,0,0
BRDA:66,2,1,3
BRDA:97,3,0,1
BRDA:97,3,1,1
BRDA:128,4,0,1
BRDA:128,4,1,1
BRF:10
BRH:9
end_of_record
TN:
SF:src\controllers\user.controller.ts
FN:9,(anonymous_1)
FN:51,(anonymous_2)
FN:85,(anonymous_3)
FN:92,(anonymous_4)
FN:119,(anonymous_5)
FN:152,(anonymous_6)
FN:188,(anonymous_7)
FN:217,(anonymous_8)
FNF:8
FNH:5
FNDA:5,(anonymous_1)
FNDA:7,(anonymous_2)
FNDA:0,(anonymous_3)
FNDA:0,(anonymous_4)
FNDA:0,(anonymous_5)
FNDA:2,(anonymous_6)
FNDA:1,(anonymous_7)
FNDA:1,(anonymous_8)
DA:2,5
DA:3,5
DA:4,5
DA:5,5
DA:6,5
DA:8,5
DA:10,5
DA:11,5
DA:13,5
DA:14,0
DA:19,5
DA:21,5
DA:22,1
DA:27,4
DA:29,4
DA:37,4
DA:42,0
DA:44,0
DA:52,7
DA:53,7
DA:55,7
DA:56,0
DA:59,7
DA:61,7
DA:62,1
DA:65,6
DA:67,6
DA:68,1
DA:71,5
DA:75,5
DA:81,0
DA:86,0
DA:93,0
DA:94,0
DA:96,0
DA:102,0
DA:103,0
DA:106,0
DA:110,0
DA:115,0
DA:120,0
DA:121,0
DA:123,0
DA:124,0
DA:127,0
DA:129,0
DA:130,0
DA:133,0
DA:135,0
DA:136,0
DA:139,0
DA:141,0
DA:142,0
DA:144,0
DA:148,0
DA:153,2
DA:154,2
DA:156,2
DA:157,0
DA:162,2
DA:164,2
DA:165,1
DA:170,1
DA:172,1
DA:173,1
DA:175,1
DA:177,1
DA:182,0
DA:189,1
DA:190,1
DA:192,1
DA:194,1
DA:195,0
DA:200,1
DA:201,0
DA:206,1
DA:211,0
DA:218,1
DA:219,1
DA:221,1
DA:222,0
DA:227,1
DA:229,1
DA:230,0
DA:235,1
DA:237,1
DA:238,1
DA:240,1
DA:242,1
DA:247,0
DA:249,0
LF:91
LH:53
BRDA:13,0,0,0
BRDA:13,0,1,5
BRDA:13,1,0,5
BRDA:13,1,1,5
BRDA:13,1,2,5
BRDA:13,1,3,5
BRDA:13,1,4,5
BRDA:21,2,0,1
BRDA:21,2,1,4
BRDA:55,3,0,0
BRDA:55,3,1,7
BRDA:55,4,0,7
BRDA:55,4,1,7
BRDA:61,5,0,1
BRDA:61,5,1,6
BRDA:67,6,0,1
BRDA:67,6,1,5
BRDA:102,7,0,0
BRDA:102,7,1,0
BRDA:123,8,0,0
BRDA:123,8,1,0
BRDA:123,9,0,0
BRDA:123,9,1,0
BRDA:129,10,0,0
BRDA:129,10,1,0
BRDA:135,11,0,0
BRDA:135,11,1,0
BRDA:156,12,0,0
BRDA:156,12,1,2
BRDA:164,13,0,1
BRDA:164,13,1,1
BRDA:194,14,0,0
BRDA:194,14,1,1
BRDA:200,15,0,0
BRDA:200,15,1,1
BRDA:221,16,0,0
BRDA:221,16,1,1
BRDA:221,17,0,1
BRDA:221,17,1,1
BRDA:229,18,0,0
BRDA:229,18,1,1
BRF:41
BRH:24
end_of_record
TN:
SF:src\controllers\admin\user.controller.ts
FN:6,(anonymous_1)
FN:45,(anonymous_2)
FN:63,(anonymous_3)
FN:104,(anonymous_4)
FN:137,(anonymous_5)
FNF:5
FNH:0
FNDA:0,(anonymous_1)
FNDA:0,(anonymous_2)
FNDA:0,(anonymous_3)
FNDA:0,(anonymous_4)
FNDA:0,(anonymous_5)
DA:2,5
DA:3,5
DA:5,5
DA:7,0
DA:8,0
DA:9,0
DA:10,0
DA:12,0
DA:14,0
DA:15,0
DA:21,0
DA:23,0
DA:29,0
DA:39,0
DA:46,0
DA:47,0
DA:49,0
DA:50,0
DA:55,0
DA:57,0
DA:64,0
DA:72,0
DA:74,0
DA:76,0
DA:77,0
DA:82,0
DA:84,0
DA:93,0
DA:98,0
DA:105,0
DA:106,0
DA:108,0
DA:109,0
DA:112,0
DA:120,0
DA:121,0
DA:126,0
DA:131,0
DA:138,0
DA:139,0
DA:141,0
DA:142,0
DA:147,0
DA:151,0
LF:44
LH:3
BRDA:8,0,0,0
BRDA:8,0,1,0
BRDA:9,1,0,0
BRDA:9,1,1,0
BRDA:10,2,0,0
BRDA:10,2,1,0
BRDA:14,3,0,0
BRDA:14,3,1,0
BRDA:49,4,0,0
BRDA:49,4,1,0
BRDA:76,5,0,0
BRDA:76,5,1,0
BRDA:108,6,0,0
BRDA:108,6,1,0
BRDA:120,7,0,0
BRDA:120,7,1,0
BRDA:141,8,0,0
BRDA:141,8,1,0
BRF:18
BRH:0
end_of_record
TN:
SF:src\database\mongodb.ts
FN:4,(anonymous_1)
FNF:1
FNH:1
FNDA:4,(anonymous_1)
DA:1,4
DA:2,4
DA:4,4
DA:5,4
DA:6,4
DA:7,4
DA:9,0
DA:10,0
LF:8
LH:6
BRF:0
BRH:0
end_of_record
TN:
SF:src\middleware\auth.middleware.ts
FN:12,(anonymous_1)
FN:58,(anonymous_2)
FNF:2
FNH:1
FNDA:26,(anonymous_1)
FNDA:0,(anonymous_2)
DA:2,5
DA:3,5
DA:4,5
DA:6,5
DA:12,5
DA:17,26
DA:18,26
DA:20,26
DA:21,7
DA:27,19
DA:29,19
DA:31,19
DA:32,0
DA:38,19
DA:40,19
DA:41,0
DA:47,19
DA:49,19
DA:51,0
DA:58,5
DA:63,0
DA:64,0
DA:70,0
DA:71,0
DA:77,0
LF:25
LH:17
BRDA:20,0,0,7
BRDA:20,0,1,19
BRDA:20,1,0,26
BRDA:20,1,1,19
BRDA:31,2,0,0
BRDA:31,2,1,19
BRDA:31,3,0,19
BRDA:31,3,1,19
BRDA:40,4,0,0
BRDA:40,4,1,19
BRDA:53,5,0,0
BRDA:53,5,1,0
BRDA:63,6,0,0
BRDA:63,6,1,0
BRDA:70,7,0,0
BRDA:70,7,1,0
BRF:16
BRH:8
end_of_record
TN:
SF:src\middleware\upload.ts
FN:12,(anonymous_1)
FN:15,(anonymous_2)
FNF:2
FNH:0
FNDA:0,(anonymous_1)
FNDA:0,(anonymous_2)
DA:1,5
DA:2,5
DA:3,5
DA:5,5
DA:7,5
DA:8,0
DA:11,5
DA:13,0
DA:16,0
DA:20,5
LF:10
LH:7
BRDA:7,0,0,0
BRDA:7,0,1,5
BRF:2
BRH:1
end_of_record
TN:
SF:src\models\lesson.model.ts
FNF:0
FNH:0
DA:1,5
DA:12,5
DA:46,5
LF:3
LH:3
BRF:0
BRH:0
end_of_record
TN:
SF:src\models\progress.model.ts
FNF:0
FNH:0
DA:1,5
DA:10,5
DA:38,5
DA:40,5
LF:4
LH:4
BRF:0
BRH:0
end_of_record
TN:
SF:src\models\quiz.model.ts
FNF:0
FNH:0
DA:1,5
DA:10,5
DA:35,5
LF:3
LH:3
BRF:0
BRH:0
end_of_record
TN:
SF:src\models\quizResult.model.ts
FNF:0
FNH:0
DA:1,5
DA:11,5
DA:41,5
LF:3
LH:3
BRF:0
BRH:0
end_of_record
TN:
SF:src\models\user.model.ts
FNF:0
FNH:0
DA:1,5
DA:17,5
DA:69,5
LF:3
LH:3
BRF:0
BRH:0
end_of_record
TN:
SF:src\repositories\progress.repository.ts
FN:4,(anonymous_1)
FN:22,(anonymous_2)
FN:25,(anonymous_3)
FNF:3
FNH:3
FNDA:1,(anonymous_1)
FNDA:1,(anonymous_2)
FNDA:1,(anonymous_3)
DA:1,5
DA:3,5
DA:5,1
DA:10,1
DA:11,0
DA:14,1
DA:23,1
DA:26,1
DA:32,5
LF:9
LH:8
BRDA:10,0,0,0
BRDA:10,0,1,1
BRF:2
BRH:1
end_of_record
TN:
SF:src\repositories\user.repository.ts
FN:4,(anonymous_0)
FN:8,(anonymous_1)
FN:12,(anonymous_2)
FN:16,(anonymous_3)
FN:20,(anonymous_4)
FN:29,(anonymous_5)
FNF:6
FNH:1
FNDA:19,(anonymous_0)
FNDA:0,(anonymous_1)
FNDA:0,(anonymous_2)
FNDA:0,(anonymous_3)
FNDA:0,(anonymous_4)
FNDA:0,(anonymous_5)
DA:1,5
DA:3,5
DA:5,19
DA:9,0
DA:13,0
DA:17,0
DA:24,0
DA:30,0
DA:31,0
LF:9
LH:3
BRF:0
BRH:0
end_of_record
TN:
SF:src\routes\ai.route.ts
FNF:0
FNH:0
DA:1,5
DA:2,5
DA:4,5
DA:5,5
DA:7,5
DA:9,5
LF:6
LH:6
BRF:0
BRH:0
end_of_record
TN:
SF:src\routes\lesson.route.ts
FNF:0
FNH:0
DA:1,5
DA:2,5
DA:3,5
DA:4,5
DA:6,5
DA:7,5
DA:9,5
DA:16,5
DA:18,5
DA:20,5
DA:27,5
DA:29,5
LF:12
LH:12
BRF:0
BRH:0
end_of_record
TN:
SF:src\routes\progress.route.ts
FNF:0
FNH:0
DA:1,5
DA:2,5
DA:3,5
DA:5,5
DA:8,5
DA:11,5
DA:13,5
LF:7
LH:7
BRF:0
BRH:0
end_of_record
TN:
SF:src\routes\quiz.route.ts
FNF:0
FNH:0
DA:1,5
DA:2,5
DA:10,5
DA:12,5
DA:15,5
DA:17,5
DA:20,5
DA:23,5
DA:25,5
DA:27,5
DA:29,5
LF:11
LH:11
BRF:0
BRH:0
end_of_record
TN:
SF:src\routes\upload.route.ts
FN:6,(anonymous_1)
FNF:1
FNH:0
FNDA:0,(anonymous_1)
DA:1,5
DA:2,5
DA:4,5
DA:6,5
DA:7,0
DA:8,0
DA:11,0
DA:16,5
LF:8
LH:5
BRDA:7,0,0,0
BRDA:7,0,1,0
BRF:2
BRH:0
end_of_record
TN:
SF:src\routes\user.route.ts
FNF:0
FNH:0
DA:1,5
DA:2,5
DA:3,5
DA:4,5
DA:6,5
DA:7,5
DA:9,5
DA:11,5
DA:13,5
DA:15,5
DA:17,5
DA:19,5
DA:21,5
DA:28,5
DA:34,5
LF:15
LH:15
BRF:0
BRH:0
end_of_record
TN:
SF:src\routes\admin\user.route.ts
FNF:0
FNH:0
DA:1,5
DA:2,5
DA:3,5
DA:5,5
DA:7,5
DA:9,5
DA:16,5
DA:23,5
DA:30,5
DA:37,5
DA:44,5
LF:11
LH:11
BRF:0
BRH:0
end_of_record
TN:
SF:src\services\gemini.service.ts
FN:7,askGemini
FNF:1
FNH:0
FNDA:0,askGemini
DA:1,4
DA:3,4
DA:7,4
DA:8,0
DA:13,0
LF:5
LH:3
BRF:0
BRH:0
end_of_record
TN:
SF:src\utils\email.ts
FN:11,(anonymous_1)
FNF:1
FNH:0
FNDA:0,(anonymous_1)
DA:1,4
DA:3,4
DA:11,4
DA:15,0
LF:4
LH:3
BRF:0
BRH:0
end_of_record
